<!DOCTYPE html PUBLIC "-//W3C//DTD XHTML 1.1//EN" "http://www.w3.org/TR/xhtml11/DTD/xhtml11.dtd">
<html xmlns="http://www.w3.org/1999/xhtml">
<head>
<meta http-equiv="content-type" content="text/html; charset=UTF-8"/>
<title>TestNG Report</title>
<style type="text/css">table {margin-bottom:10px;border-collapse:collapse;empty-cells:show}th,td {border:1px solid #009;padding:.25em .5em}th {vertical-align:bottom}td {vertical-align:top}table a {font-weight:bold}.stripe td {background-color: #E6EBF9}.num {text-align:right}.passedodd td {background-color: #3F3}.passedeven td {background-color: #0A0}.skippedodd td {background-color: #DDD}.skippedeven td {background-color: #CCC}.failedodd td,.attn {background-color: #F33}.failedeven td,.stripe .attn {background-color: #D00}.stacktrace {white-space:pre;font-family:monospace}.totop {font-size:85%;text-align:center;border-bottom:2px solid #000}.invisible {display:none}</style>
</head>
<body>
<table>
<tr><th>Test</th><th># Passed</th><th># Skipped</th><th># Failed</th><th>Time (ms)</th><th>Included Groups</th><th>Excluded Groups</th></tr>
<tr><th colspan="7">Default Suite</th></tr>
<tr><td><a href="#t0">test</a></td><td class="num">0</td><td class="num">0</td><td class="num attn">20</td><td class="num">2,128</td><td></td><td></td></tr>
</table>
<table id='summary'><thead><tr><th>Class</th><th>Method</th><th>Start</th><th>Time (ms)</th></tr></thead><tbody><tr><th colspan="4">Default Suite</th></tr></tbody><tbody id="t0"><tr><th colspan="4">test &#8212; failed</th></tr><tr class="failedeven"><td rowspan="20">TesClass</td><td><a href="#m0">test1</a></td><td rowspan="1">1573128790664</td><td rowspan="1">353</td></tr><tr class="failedeven"><td><a href="#m1">test10</a></td><td rowspan="1">1573128791046</td><td rowspan="1">0</td></tr><tr class="failedeven"><td><a href="#m2">test11</a></td><td rowspan="1">1573128791048</td><td rowspan="1">2</td></tr><tr class="failedeven"><td><a href="#m3">test12</a></td><td rowspan="1">1573128791053</td><td rowspan="1">1</td></tr><tr class="failedeven"><td><a href="#m4">test13</a></td><td rowspan="1">1573128791056</td><td rowspan="1">1</td></tr><tr class="failedeven"><td><a href="#m5">test14</a></td><td rowspan="1">1573128791059</td><td rowspan="1">1</td></tr><tr class="failedeven"><td><a href="#m6">test15</a></td><td rowspan="1">1573128791061</td><td rowspan="1">1</td></tr><tr class="failedeven"><td><a href="#m7">test16</a></td><td rowspan="1">1573128791065</td><td rowspan="1">2</td></tr><tr class="failedeven"><td><a href="#m8">test17</a></td><td rowspan="1">1573128791068</td><td rowspan="1">2</td></tr><tr class="failedeven"><td><a href="#m9">test18</a></td><td rowspan="1">1573128791071</td><td rowspan="1">1</td></tr><tr class="failedeven"><td><a href="#m10">test19</a></td><td rowspan="1">1573128791074</td><td rowspan="1">0</td></tr><tr class="failedeven"><td><a href="#m11">test21</a></td><td rowspan="1">1573128791077</td><td rowspan="1">1</td></tr><tr class="failedeven"><td><a href="#m12">test3</a></td><td rowspan="1">1573128791019</td><td rowspan="1">1</td></tr><tr class="failedeven"><td><a href="#m13">test4</a></td><td rowspan="1">1573128791023</td><td rowspan="1">1</td></tr><tr class="failedeven"><td><a href="#m14">test5</a></td><td rowspan="1">1573128791026</td><td rowspan="1">2</td></tr><tr class="failedeven"><td><a href="#m15">test6</a></td><td rowspan="1">1573128791031</td><td rowspan="1">1</td></tr><tr class="failedeven"><td><a href="#m16">test7</a></td><td rowspan="1">1573128791035</td><td rowspan="1">1</td></tr><tr class="failedeven"><td><a href="#m17">test8</a></td><td rowspan="1">1573128791040</td><td rowspan="1">0</td></tr><tr class="failedeven"><td><a href="#m18">test9</a></td><td rowspan="1">1573128791043</td><td rowspan="1">1</td></tr><tr class="failedeven"><td><a href="#m19">verify</a></td><td rowspan="1">1573128788981</td><td rowspan="1">1667</td></tr></tbody>
</table>
<h2>test</h2><h3 id="m0">TesClass#test1</h3><table class="result"><tr><th>Exception</th></tr><tr><td><div class="stacktrace">java.lang.IllegalArgumentException: Can not set io.appium.java_client.MobileElement field LoginPage.firstPopUp to org.openqa.selenium.remote.RemoteWebElement$$EnhancerByCGLIB$$d27c0df4
	at org.openqa.selenium.support.PageFactory.proxyFields(PageFactory.java:117)
	at org.openqa.selenium.support.PageFactory.initElements(PageFactory.java:105)
	at LoginPage.&lt;init&gt;(LoginPage.java:21)
	at TesClass.test1(TesClass.java:106)
... Removed 38 stack frames</div></td></tr></table><p class="totop"><a href="#summary">back to summary</a></p>
<h3 id="m1">TesClass#test10</h3><table class="result"><tr><th>Exception</th></tr><tr><td><div class="stacktrace">java.lang.IllegalArgumentException: Can not set io.appium.java_client.MobileElement field ProgrammesPage.continue_btn to org.openqa.selenium.remote.RemoteWebElement$$EnhancerByCGLIB$$d27c0df4
	at org.openqa.selenium.support.PageFactory.proxyFields(PageFactory.java:117)
	at org.openqa.selenium.support.PageFactory.initElements(PageFactory.java:105)
	at ProgrammesPage.&lt;init&gt;(ProgrammesPage.java:21)
	at TesClass.test10(TesClass.java:212)
... Removed 38 stack frames</div></td></tr></table><p class="totop"><a href="#summary">back to summary</a></p>
<h3 id="m2">TesClass#test11</h3><table class="result"><tr><th>Exception</th></tr><tr><td><div class="stacktrace">java.lang.IllegalArgumentException: Can not set io.appium.java_client.MobileElement field ProgrammesPage.continue_btn to org.openqa.selenium.remote.RemoteWebElement$$EnhancerByCGLIB$$d27c0df4
	at org.openqa.selenium.support.PageFactory.proxyFields(PageFactory.java:117)
	at org.openqa.selenium.support.PageFactory.initElements(PageFactory.java:105)
	at ProgrammesPage.&lt;init&gt;(ProgrammesPage.java:21)
	at TesClass.test11(TesClass.java:224)
... Removed 38 stack frames</div></td></tr></table><p class="totop"><a href="#summary">back to summary</a></p>
<h3 id="m3">TesClass#test12</h3><table class="result"><tr><th>Exception</th></tr><tr><td><div class="stacktrace">java.lang.IllegalArgumentException: Can not set io.appium.java_client.MobileElement field ProgrammesPage.continue_btn to org.openqa.selenium.remote.RemoteWebElement$$EnhancerByCGLIB$$d27c0df4
	at org.openqa.selenium.support.PageFactory.proxyFields(PageFactory.java:117)
	at org.openqa.selenium.support.PageFactory.initElements(PageFactory.java:105)
	at ProgrammesPage.&lt;init&gt;(ProgrammesPage.java:21)
	at TesClass.test12(TesClass.java:236)
... Removed 38 stack frames</div></td></tr></table><p class="totop"><a href="#summary">back to summary</a></p>
<h3 id="m4">TesClass#test13</h3><table class="result"><tr><th>Exception</th></tr><tr><td><div class="stacktrace">java.lang.IllegalArgumentException: Can not set io.appium.java_client.MobileElement field ProgrammesPage.continue_btn to org.openqa.selenium.remote.RemoteWebElement$$EnhancerByCGLIB$$d27c0df4
	at org.openqa.selenium.support.PageFactory.proxyFields(PageFactory.java:117)
	at org.openqa.selenium.support.PageFactory.initElements(PageFactory.java:105)
	at ProgrammesPage.&lt;init&gt;(ProgrammesPage.java:21)
	at TesClass.test13(TesClass.java:248)
... Removed 38 stack frames</div></td></tr></table><p class="totop"><a href="#summary">back to summary</a></p>
<h3 id="m5">TesClass#test14</h3><table class="result"><tr><th>Exception</th></tr><tr><td><div class="stacktrace">java.lang.IllegalArgumentException: Can not set io.appium.java_client.MobileElement field ProgrammesPage.continue_btn to org.openqa.selenium.remote.RemoteWebElement$$EnhancerByCGLIB$$d27c0df4
	at org.openqa.selenium.support.PageFactory.proxyFields(PageFactory.java:117)
	at org.openqa.selenium.support.PageFactory.initElements(PageFactory.java:105)
	at ProgrammesPage.&lt;init&gt;(ProgrammesPage.java:21)
	at TesClass.test14(TesClass.java:260)
... Removed 38 stack frames</div></td></tr></table><p class="totop"><a href="#summary">back to summary</a></p>
<h3 id="m6">TesClass#test15</h3><table class="result"><tr><th>Exception</th></tr><tr><td><div class="stacktrace">java.lang.IllegalArgumentException: Can not set io.appium.java_client.MobileElement field ProgrammesPage.continue_btn to org.openqa.selenium.remote.RemoteWebElement$$EnhancerByCGLIB$$d27c0df4
	at org.openqa.selenium.support.PageFactory.proxyFields(PageFactory.java:117)
	at org.openqa.selenium.support.PageFactory.initElements(PageFactory.java:105)
	at ProgrammesPage.&lt;init&gt;(ProgrammesPage.java:21)
	at TesClass.test15(TesClass.java:273)
... Removed 38 stack frames</div></td></tr></table><p class="totop"><a href="#summary">back to summary</a></p>
<h3 id="m7">TesClass#test16</h3><table class="result"><tr><th>Exception</th></tr><tr><td><div class="stacktrace">java.lang.IllegalArgumentException: Can not set io.appium.java_client.MobileElement field ProgrammesPage.continue_btn to org.openqa.selenium.remote.RemoteWebElement$$EnhancerByCGLIB$$d27c0df4
	at org.openqa.selenium.support.PageFactory.proxyFields(PageFactory.java:117)
	at org.openqa.selenium.support.PageFactory.initElements(PageFactory.java:105)
	at ProgrammesPage.&lt;init&gt;(ProgrammesPage.java:21)
	at TesClass.test16(TesClass.java:285)
... Removed 38 stack frames</div></td></tr></table><p class="totop"><a href="#summary">back to summary</a></p>
<h3 id="m8">TesClass#test17</h3><table class="result"><tr><th>Exception</th></tr><tr><td><div class="stacktrace">java.lang.IllegalArgumentException: Can not set io.appium.java_client.MobileElement field ProgrammesPage.continue_btn to org.openqa.selenium.remote.RemoteWebElement$$EnhancerByCGLIB$$d27c0df4
	at org.openqa.selenium.support.PageFactory.proxyFields(PageFactory.java:117)
	at org.openqa.selenium.support.PageFactory.initElements(PageFactory.java:105)
	at ProgrammesPage.&lt;init&gt;(ProgrammesPage.java:21)
	at TesClass.test17(TesClass.java:296)
... Removed 38 stack frames</div></td></tr></table><p class="totop"><a href="#summary">back to summary</a></p>
<h3 id="m9">TesClass#test18</h3><table class="result"><tr><th>Exception</th></tr><tr><td><div class="stacktrace">java.lang.IllegalArgumentException: Can not set io.appium.java_client.MobileElement field ProgrammesPage.continue_btn to org.openqa.selenium.remote.RemoteWebElement$$EnhancerByCGLIB$$d27c0df4
	at org.openqa.selenium.support.PageFactory.proxyFields(PageFactory.java:117)
	at org.openqa.selenium.support.PageFactory.initElements(PageFactory.java:105)
	at ProgrammesPage.&lt;init&gt;(ProgrammesPage.java:21)
	at TesClass.test18(TesClass.java:307)
... Removed 38 stack frames</div></td></tr></table><p class="totop"><a href="#summary">back to summary</a></p>
<h3 id="m10">TesClass#test19</h3><table class="result"><tr><th>Exception</th></tr><tr><td><div class="stacktrace">java.lang.IllegalArgumentException: Can not set io.appium.java_client.MobileElement field ProgrammesPage.continue_btn to org.openqa.selenium.remote.RemoteWebElement$$EnhancerByCGLIB$$d27c0df4
	at org.openqa.selenium.support.PageFactory.proxyFields(PageFactory.java:117)
	at org.openqa.selenium.support.PageFactory.initElements(PageFactory.java:105)
	at ProgrammesPage.&lt;init&gt;(ProgrammesPage.java:21)
	at TesClass.test19(TesClass.java:318)
... Removed 38 stack frames</div></td></tr></table><p class="totop"><a href="#summary">back to summary</a></p>
<h3 id="m11">TesClass#test21</h3><table class="result"><tr><th>Exception</th></tr><tr><td><div class="stacktrace">java.lang.IllegalArgumentException: Can not set io.appium.java_client.MobileElement field ProgrammesPage.continue_btn to org.openqa.selenium.remote.RemoteWebElement$$EnhancerByCGLIB$$d27c0df4
	at org.openqa.selenium.support.PageFactory.proxyFields(PageFactory.java:117)
	at org.openqa.selenium.support.PageFactory.initElements(PageFactory.java:105)
	at ProgrammesPage.&lt;init&gt;(ProgrammesPage.java:21)
	at TesClass.test21(TesClass.java:340)
... Removed 38 stack frames</div></td></tr></table><p class="totop"><a href="#summary">back to summary</a></p>
<h3 id="m12">TesClass#test3</h3><table class="result"><tr><th>Exception</th></tr><tr><td><div class="stacktrace">java.lang.IllegalArgumentException: Can not set io.appium.java_client.MobileElement field LoginPage.firstPopUp to org.openqa.selenium.remote.RemoteWebElement$$EnhancerByCGLIB$$d27c0df4
	at org.openqa.selenium.support.PageFactory.proxyFields(PageFactory.java:117)
	at org.openqa.selenium.support.PageFactory.initElements(PageFactory.java:105)
	at LoginPage.&lt;init&gt;(LoginPage.java:21)
	at TesClass.test3(TesClass.java:119)
... Removed 38 stack frames</div></td></tr></table><p class="totop"><a href="#summary">back to summary</a></p>
<h3 id="m13">TesClass#test4</h3><table class="result"><tr><th>Exception</th></tr><tr><td><div class="stacktrace">java.lang.IllegalArgumentException: Can not set io.appium.java_client.MobileElement field LoginPage.firstPopUp to org.openqa.selenium.remote.RemoteWebElement$$EnhancerByCGLIB$$d27c0df4
	at org.openqa.selenium.support.PageFactory.proxyFields(PageFactory.java:117)
	at org.openqa.selenium.support.PageFactory.initElements(PageFactory.java:105)
	at LoginPage.&lt;init&gt;(LoginPage.java:21)
	at TesClass.test4(TesClass.java:132)
... Removed 38 stack frames</div></td></tr></table><p class="totop"><a href="#summary">back to summary</a></p>
<h3 id="m14">TesClass#test5</h3><table class="result"><tr><th>Exception</th></tr><tr><td><div class="stacktrace">java.lang.IllegalArgumentException: Can not set io.appium.java_client.MobileElement field MainPage.Training_Guide_Btn to org.openqa.selenium.remote.RemoteWebElement$$EnhancerByCGLIB$$d27c0df4
	at org.openqa.selenium.support.PageFactory.proxyFields(PageFactory.java:117)
	at org.openqa.selenium.support.PageFactory.initElements(PageFactory.java:105)
	at MainPage.&lt;init&gt;(MainPage.java:21)
	at TesClass.test5(TesClass.java:146)
... Removed 38 stack frames</div></td></tr></table><p class="totop"><a href="#summary">back to summary</a></p>
<h3 id="m15">TesClass#test6</h3><table class="result"><tr><th>Exception</th></tr><tr><td><div class="stacktrace">java.lang.IllegalArgumentException: Can not set io.appium.java_client.MobileElement field ProgrammesPage.continue_btn to org.openqa.selenium.remote.RemoteWebElement$$EnhancerByCGLIB$$d27c0df4
	at org.openqa.selenium.support.PageFactory.proxyFields(PageFactory.java:117)
	at org.openqa.selenium.support.PageFactory.initElements(PageFactory.java:105)
	at ProgrammesPage.&lt;init&gt;(ProgrammesPage.java:21)
	at TesClass.test6(TesClass.java:160)
... Removed 38 stack frames</div></td></tr></table><p class="totop"><a href="#summary">back to summary</a></p>
<h3 id="m16">TesClass#test7</h3><table class="result"><tr><th>Exception</th></tr><tr><td><div class="stacktrace">java.lang.IllegalArgumentException: Can not set io.appium.java_client.MobileElement field ProgrammesPage.continue_btn to org.openqa.selenium.remote.RemoteWebElement$$EnhancerByCGLIB$$d27c0df4
	at org.openqa.selenium.support.PageFactory.proxyFields(PageFactory.java:117)
	at org.openqa.selenium.support.PageFactory.initElements(PageFactory.java:105)
	at ProgrammesPage.&lt;init&gt;(ProgrammesPage.java:21)
	at TesClass.test7(TesClass.java:176)
... Removed 38 stack frames</div></td></tr></table><p class="totop"><a href="#summary">back to summary</a></p>
<h3 id="m17">TesClass#test8</h3><table class="result"><tr><th>Exception</th></tr><tr><td><div class="stacktrace">java.lang.IllegalArgumentException: Can not set io.appium.java_client.MobileElement field ProgrammesPage.continue_btn to org.openqa.selenium.remote.RemoteWebElement$$EnhancerByCGLIB$$d27c0df4
	at org.openqa.selenium.support.PageFactory.proxyFields(PageFactory.java:117)
	at org.openqa.selenium.support.PageFactory.initElements(PageFactory.java:105)
	at ProgrammesPage.&lt;init&gt;(ProgrammesPage.java:21)
	at TesClass.test8(TesClass.java:188)
... Removed 38 stack frames</div></td></tr></table><p class="totop"><a href="#summary">back to summary</a></p>
<h3 id="m18">TesClass#test9</h3><table class="result"><tr><th>Exception</th></tr><tr><td><div class="stacktrace">java.lang.IllegalArgumentException: Can not set io.appium.java_client.MobileElement field ProgrammesPage.continue_btn to org.openqa.selenium.remote.RemoteWebElement$$EnhancerByCGLIB$$d27c0df4
	at org.openqa.selenium.support.PageFactory.proxyFields(PageFactory.java:117)
	at org.openqa.selenium.support.PageFactory.initElements(PageFactory.java:105)
	at ProgrammesPage.&lt;init&gt;(ProgrammesPage.java:21)
	at TesClass.test9(TesClass.java:200)
... Removed 38 stack frames</div></td></tr></table><p class="totop"><a href="#summary">back to summary</a></p>
<h3 id="m19">TesClass#verify</h3><table class="result"><tr><th>Exception</th></tr><tr><td><div class="stacktrace">org.openqa.selenium.SessionNotCreatedException: Unable to create a new remote session. Please check the server log for more details. Original error: An unknown server-side error occurred while processing the command. Original error: Unknown device or simulator UDID: &apos;5f99767bda8a53c29a606ed6eed79c605451a11f&apos;
Build info: version: &apos;3.141.59&apos;, revision: &apos;e82be7d358&apos;, time: &apos;2018-11-14T08:17:03&apos;
System info: host: &apos;192.168.10.5&apos;, ip: &apos;192.168.10.5&apos;, os.name: &apos;Mac OS X&apos;, os.arch: &apos;x86_64&apos;, os.version: &apos;10.14.6&apos;, java.version: &apos;12.0.2&apos;
Driver info: driver.version: IOSDriver
remote stacktrace: UnknownError: An unknown server-side error occurred while processing the command. Original error: Unknown device or simulator UDID: &apos;5f99767bda8a53c29a606ed6eed79c605451a11f&apos;
    at getResponseForW3CError (/Applications/Appium.app/Contents/Resources/app/node_modules/appium/node_modules/appium-base-driver/lib/protocol/errors.js:826:9)
    at asyncHandler (/Applications/Appium.app/Contents/Resources/app/node_modules/appium/node_modules/appium-base-driver/lib/protocol/protocol.js:447:37)
    at process._tickCallback (internal/process/next_tick.js:68:7)
Build info: version: &apos;3.141.59&apos;, revision: &apos;e82be7d358&apos;, time: &apos;2018-11-14T08:17:03&apos;
System info: host: &apos;192.168.10.5&apos;, ip: &apos;192.168.10.5&apos;, os.name: &apos;Mac OS X&apos;, os.arch: &apos;x86_64&apos;, os.version: &apos;10.14.6&apos;, java.version: &apos;12.0.2&apos;
Driver info: driver.version: IOSDriver
	at io.appium.java_client.remote.AppiumCommandExecutor$1.createSession(AppiumCommandExecutor.java:208)
	at io.appium.java_client.remote.AppiumCommandExecutor.createSession(AppiumCommandExecutor.java:217)
	at io.appium.java_client.remote.AppiumCommandExecutor.execute(AppiumCommandExecutor.java:239)
	at org.openqa.selenium.remote.RemoteWebDriver.execute(RemoteWebDriver.java:552)
	at io.appium.java_client.DefaultGenericMobileDriver.execute(DefaultGenericMobileDriver.java:41)
	at io.appium.java_client.AppiumDriver.execute(AppiumDriver.java:1)
	at io.appium.java_client.ios.IOSDriver.execute(IOSDriver.java:1)
	at org.openqa.selenium.remote.RemoteWebDriver.startSession(RemoteWebDriver.java:213)
	at io.appium.java_client.AppiumDriver.startSession(AppiumDriver.java:323)
	at org.openqa.selenium.remote.RemoteWebDriver.&lt;init&gt;(RemoteWebDriver.java:131)
	at io.appium.java_client.DefaultGenericMobileDriver.&lt;init&gt;(DefaultGenericMobileDriver.java:37)
	at io.appium.java_client.AppiumDriver.&lt;init&gt;(AppiumDriver.java:86)
	at io.appium.java_client.AppiumDriver.&lt;init&gt;(AppiumDriver.java:96)
	at io.appium.java_client.ios.IOSDriver.&lt;init&gt;(IOSDriver.java:92)
	at TesClass.verify(TesClass.java:88)
	at io.appium.java_client.remote.AppiumCommandExecutor$1.createSession(AppiumCommandExecutor.java:186)
	... 48 more
Caused by: org.openqa.selenium.WebDriverException: An unknown server-side error occurred while processing the command. Original error: Unknown device or simulator UDID: &apos;5f99767bda8a53c29a606ed6eed79c605451a11f&apos;
Build info: version: &apos;3.141.59&apos;, revision: &apos;e82be7d358&apos;, time: &apos;2018-11-14T08:17:03&apos;
System info: host: &apos;192.168.10.5&apos;, ip: &apos;192.168.10.5&apos;, os.name: &apos;Mac OS X&apos;, os.arch: &apos;x86_64&apos;, os.version: &apos;10.14.6&apos;, java.version: &apos;12.0.2&apos;
Driver info: driver.version: IOSDriver
remote stacktrace: UnknownError: An unknown server-side error occurred while processing the command. Original error: Unknown device or simulator UDID: &apos;5f99767bda8a53c29a606ed6eed79c605451a11f&apos;
    at getResponseForW3CError (/Applications/Appium.app/Contents/Resources/app/node_modules/appium/node_modules/appium-base-driver/lib/protocol/errors.js:826:9)
    at asyncHandler (/Applications/Appium.app/Contents/Resources/app/node_modules/appium/node_modules/appium-base-driver/lib/protocol/protocol.js:447:37)
    at process._tickCallback (internal/process/next_tick.js:68:7)
	at org.openqa.selenium.remote.W3CHandshakeResponse.lambda$errorHandler$0(W3CHandshakeResponse.java:62)
	at org.openqa.selenium.remote.HandshakeResponse.lambda$getResponseFunction$0(HandshakeResponse.java:30)
	at org.openqa.selenium.remote.ProtocolHandshake.lambda$createSession$0(ProtocolHandshake.java:126)
	at java.base/java.util.stream.ReferencePipeline$3$1.accept(ReferencePipeline.java:195)
	at java.base/java.util.Spliterators$ArraySpliterator.tryAdvance(Spliterators.java:958)
	at java.base/java.util.stream.ReferencePipeline.forEachWithCancel(ReferencePipeline.java:127)
	at java.base/java.util.stream.AbstractPipeline.copyIntoWithCancel(AbstractPipeline.java:502)
	at java.base/java.util.stream.AbstractPipeline.copyInto(AbstractPipeline.java:488)
	at java.base/java.util.stream.AbstractPipeline.wrapAndCopyInto(AbstractPipeline.java:474)
	at java.base/java.util.stream.FindOps$FindOp.evaluateSequential(FindOps.java:150)
	at java.base/java.util.stream.AbstractPipeline.evaluate(AbstractPipeline.java:234)
	at java.base/java.util.stream.ReferencePipeline.findFirst(ReferencePipeline.java:543)
	at org.openqa.selenium.remote.ProtocolHandshake.createSession(ProtocolHandshake.java:128)
	... 53 more
... Removed 44 stack frames</div></td></tr></table><p class="totop"><a href="#summary">back to summary</a></p>
</body>
</html>
